<?xml version="1.0" encoding="UTF-8"?>
<!-- Generated by org.testng.reporters.JUnitReportReporter -->
<testsuite hostname="DELL" failures="0" tests="1" name="register.TC_RF_023" time="18.343" errors="0" timestamp="2024-12-14T06:22:00 IST" skipped="0">
  <testcase classname="register.TC_RF_023" name="VerifyRegisterAccountPageNavigations" time="18.343"/>
</testsuite> <!-- register.TC_RF_023 -->
