<?xml version="1.0" encoding="UTF-8"?>
<!-- Generated by org.testng.reporters.JUnitReportReporter -->
<testsuite hostname="DELL" failures="0" tests="1" name="register.TC_RF_013" time="5.314" errors="0" timestamp="2024-11-21T04:58:15 IST" skipped="0">
  <testcase classname="register.TC_RF_013" name="verifyRegisterAccountPagePlaceHolders" time="5.314"/>
</testsuite> <!-- register.TC_RF_013 -->
