<?xml version="1.0" encoding="UTF-8"?>
<!-- Generated by org.testng.reporters.JUnitReportReporter -->
<testsuite hostname="DELL" failures="0" tests="1" name="register.TC_RF_022" time="2.679" errors="0" timestamp="2024-12-11T03:42:16 IST" skipped="0">
  <testcase classname="register.TC_RF_022" name="verifyRegisterAccountPasswordFeildsforSecurity" time="2.679"/>
</testsuite> <!-- register.TC_RF_022 -->
