<?xml version="1.0" encoding="UTF-8"?>
<!-- Generated by org.testng.reporters.JUnitReportReporter -->
<testsuite hostname="DELL" failures="0" tests="1" name="register.TC_RF_010" time="5.318" errors="0" timestamp="2024-11-13T02:57:16 IST" skipped="0">
  <testcase classname="register.TC_RF_010" name="verifyRegistrationAccountUsingInvalidEmail" time="5.318"/>
</testsuite> <!-- register.TC_RF_010 -->
