<?xml version="1.0" encoding="UTF-8"?>
<!-- Generated by org.testng.reporters.JUnitReportReporter -->
<testsuite hostname="DELL" failures="0" tests="1" name="register.TC_RF_001" time="3.814" errors="0" timestamp="2024-12-18T00:03:24 IST" skipped="0">
  <testcase classname="register.TC_RF_001" name="VerifyRegisterMandatoryFeilds" time="3.814"/>
</testsuite> <!-- register.TC_RF_001 -->
