<?xml version="1.0" encoding="UTF-8"?>
<!-- Generated by org.testng.reporters.JUnitReportReporter -->
<testsuite hostname="DELL" failures="0" tests="1" name="register.TC_RF_002" time="5.523" errors="0" timestamp="2024-11-16T02:18:20 IST" skipped="0">
  <testcase classname="register.TC_RF_002" name="verifyThankyouConfirmationMail" time="5.523"/>
</testsuite> <!-- register.TC_RF_002 -->
