<?xml version="1.0" encoding="UTF-8"?>
<!-- Generated by org.testng.reporters.JUnitReportReporter -->
<testsuite hostname="DELL" failures="0" tests="1" name="register.TC_RF_018" time="38.608" errors="0" timestamp="2024-12-10T23:50:29 IST" skipped="0">
  <testcase classname="register.TC_RF_018" name="verifyHeightWidthNumberOfCharacters" time="38.608"/>
</testsuite> <!-- register.TC_RF_018 -->
