<?xml version="1.0" encoding="UTF-8"?>
<!-- Generated by org.testng.reporters.JUnitReportReporter -->
<testsuite hostname="DELL" failures="0" tests="1" name="register.TC_RF_012" time="8.085" errors="0" timestamp="2024-12-16T21:22:33 IST" skipped="0">
  <testcase classname="register.TC_RF_012" name="verifyRegisterAccountUsingKeyBoardKeys" time="8.085"/>
</testsuite> <!-- register.TC_RF_012 -->
