<?xml version="1.0" encoding="UTF-8"?>
<!-- Generated by org.testng.reporters.JUnitReportReporter -->
<testsuite hostname="DELL" failures="0" tests="1" name="register.TC_RF_025" time="3.367" errors="0" timestamp="2024-12-15T00:21:31 IST" skipped="0">
  <testcase classname="register.TC_RF_025" name="verifyRegisterAccountPageBreadcrumbURLTitleHeading" time="3.367"/>
</testsuite> <!-- register.TC_RF_025 -->
