<?xml version="1.0" encoding="UTF-8"?>
<!-- Generated by org.testng.reporters.JUnitReportReporter -->
<testsuite hostname="DELL" failures="0" tests="1" name="register.TC_RF_024" time="4.264" errors="0" timestamp="2024-12-14T06:21:09 IST" skipped="0">
  <testcase classname="register.TC_RF_024" name="verifyRegisteringWithoutEnteringConfirmationPassword" time="4.264"/>
</testsuite> <!-- register.TC_RF_024 -->
