<?xml version="1.0" encoding="UTF-8"?>
<!-- Generated by org.testng.reporters.JUnitReportReporter -->
<testsuite hostname="DELL" failures="0" tests="3" name="register.TC_RF_027" time="19.152" errors="0" timestamp="2024-12-15T23:45:37 IST" skipped="0">
  <testcase classname="register.TC_RF_027" name="verifyRegisterAccountInAllEnvironments" time="7.792"/>
  <testcase classname="register.TC_RF_027" name="verifyRegisterAccountInAllEnvironments" time="6.111"/>
  <testcase classname="register.TC_RF_027" name="verifyRegisterAccountInAllEnvironments" time="5.249"/>
</testsuite> <!-- register.TC_RF_027 -->
