<?xml version="1.0" encoding="UTF-8"?>
<!-- Generated by org.testng.reporters.JUnitReportReporter -->
<testsuite hostname="DELL" failures="0" tests="1" name="register.TC_RF_021" time="3.362" errors="0" timestamp="2024-12-11T02:09:57 IST" skipped="0">
  <testcase classname="register.TC_RF_021" name="verifyRegisteringAccountWithoutSelectingPrivacyPolicyCheckboxFeild" time="3.362"/>
</testsuite> <!-- register.TC_RF_021 -->
