<?xml version="1.0" encoding="UTF-8"?>
<!-- Generated by org.testng.reporters.JUnitReportReporter -->
<testsuite hostname="DELL" failures="0" tests="1" name="tests.Logout" time="7.045" errors="0" timestamp="2025-02-04T19:29:36 IST" skipped="0">
  <testcase classname="tests.Logout" name="verifyLogoutUI" time="7.045"/>
</testsuite> <!-- tests.Logout -->
