<?xml version="1.0" encoding="UTF-8"?>
<!-- Generated by org.testng.reporters.JUnitReportReporter -->
<testsuite hostname="DELL" failures="0" tests="1" name="register.TC_RF_006" time="5.867" errors="0" timestamp="2024-12-16T21:17:59 IST" skipped="0">
  <testcase classname="register.TC_RF_006" name="verifyRegisteringAccountByNoSubscribingToNewsletter" time="5.867"/>
</testsuite> <!-- register.TC_RF_006 -->
