<?xml version="1.0" encoding="UTF-8"?>
<!-- Generated by org.testng.reporters.JUnitReportReporter -->
<testsuite hostname="DELL" failures="0" tests="1" name="register.TC_RF_020" time="3.118" errors="0" timestamp="2024-12-11T01:42:57 IST" skipped="0">
  <testcase classname="register.TC_RF_020" name="verifyRegisterAccountPrivacyPolicyFeild" time="3.118"/>
</testsuite> <!-- register.TC_RF_020 -->
