<?xml version="1.0" encoding="UTF-8"?>
<!-- Generated by org.testng.reporters.JUnitReportReporter -->
<testsuite hostname="DELL" failures="0" tests="1" name="register.TC_RF_004" time="2.976" errors="0" timestamp="2024-11-13T02:52:59 IST" skipped="0">
  <testcase classname="register.TC_RF_004" name="verifyWarningMessageOfMandatoryFieldsInRegisterAccountPage" time="2.976"/>
</testsuite> <!-- register.TC_RF_004 -->
