<?xml version="1.0" encoding="UTF-8"?>
<!-- Generated by org.testng.reporters.JUnitReportReporter -->
<testsuite hostname="DELL" failures="0" tests="1" name="register.TC_RF_007" time="4.002" errors="0" timestamp="2024-12-16T21:19:16 IST" skipped="0">
  <testcase classname="register.TC_RF_007" name="verifyDifferentWaysOfNavigatingRegistrationPage" time="4.002"/>
</testsuite> <!-- register.TC_RF_007 -->
