<?xml version="1.0" encoding="UTF-8"?>
<!-- Generated by org.testng.reporters.JUnitReportReporter -->
<testsuite hostname="DELL" failures="0" tests="1" name="register.TC_RF_009" time="3.875" errors="0" timestamp="2024-11-13T02:52:59 IST" skipped="0">
  <testcase classname="register.TC_RF_009" name="verifyRegisterAccountWithExistingEmailAddress" time="3.875"/>
</testsuite> <!-- register.TC_RF_009 -->
